2024-09-14 15:02:09,163 - INFO - 任务启动
2024-09-14 15:02:27,685 - INFO - 任务启动
2024-09-14 15:02:28,529 - INFO - True
2024-09-14 15:02:28,571 - INFO - None
2024-09-14 15:02:28,587 - INFO - True
2024-09-14 15:02:29,073 - INFO - None
2024-09-14 15:02:29,190 - INFO - None
2024-09-14 15:02:29,323 - INFO - None
2024-09-14 15:02:29,879 - INFO - None
2024-09-14 15:02:30,327 - INFO - None
2024-09-14 15:03:30,499 - INFO - 任务启动
2024-09-14 15:03:31,027 - INFO - True
2024-09-14 15:03:31,109 - INFO - None
2024-09-14 15:03:31,130 - INFO - True
2024-09-14 15:03:31,510 - INFO - None
2024-09-14 15:03:31,607 - INFO - None
2024-09-14 15:03:32,269 - INFO - None
2024-09-14 15:03:32,407 - INFO - None
2024-09-14 15:03:32,702 - INFO - None
2024-09-14 15:03:32,774 - INFO - None
2024-09-14 15:03:33,253 - INFO - None
2024-09-14 15:05:14,424 - INFO - 任务启动
2024-09-14 15:05:14,876 - INFO - None
2024-09-14 15:05:22,199 - INFO - 任务启动
2024-09-14 15:05:22,827 - INFO - True
2024-09-14 15:05:22,878 - INFO - True
2024-09-14 15:05:22,894 - INFO - None
2024-09-14 15:05:23,347 - INFO - None
2024-09-14 15:05:23,442 - INFO - None
2024-09-14 15:05:23,577 - INFO - None
2024-09-14 15:05:24,033 - INFO - None
2024-09-14 15:05:24,885 - INFO - None
2024-09-14 15:06:49,238 - INFO - 任务启动
2024-09-14 15:06:49,936 - INFO - None
2024-09-14 15:06:49,985 - INFO - True
2024-09-14 15:06:50,027 - INFO - True
2024-09-14 15:06:50,446 - INFO - None
2024-09-14 15:06:50,463 - INFO - None
2024-09-14 15:06:50,550 - INFO - None
2024-09-14 15:06:51,017 - INFO - None
2024-09-14 15:06:51,497 - INFO - None
2024-09-14 15:07:41,739 - INFO - 任务启动
2024-09-14 15:07:42,231 - INFO - None
2024-09-14 15:07:42,380 - INFO - True
2024-09-14 15:07:42,398 - INFO - True
2024-09-14 15:07:42,816 - INFO - None
2024-09-14 15:07:42,851 - INFO - None
2024-09-14 15:07:42,904 - INFO - None
2024-09-14 15:07:43,583 - INFO - None
2024-09-14 15:07:44,120 - INFO - None
2024-09-14 15:07:58,902 - INFO - 任务启动
2024-09-14 15:07:59,478 - INFO - True
2024-09-14 15:07:59,495 - INFO - None
2024-09-14 15:07:59,623 - INFO - True
2024-09-14 15:08:00,029 - INFO - None
2024-09-14 15:08:00,046 - INFO - None
2024-09-14 15:08:00,122 - INFO - None
2024-09-14 15:08:00,684 - INFO - None
2024-09-14 15:08:01,128 - INFO - None
2024-09-14 15:08:22,794 - INFO - 任务启动
2024-09-14 15:08:23,446 - INFO - None
2024-09-14 15:08:23,484 - INFO - True
2024-09-14 15:08:23,545 - INFO - True
2024-09-14 15:08:24,034 - INFO - None
2024-09-14 15:08:24,050 - INFO - None
2024-09-14 15:08:24,158 - INFO - None
2024-09-14 15:08:24,577 - INFO - None
2024-09-14 15:09:07,175 - INFO - 任务启动
2024-09-14 15:09:07,770 - INFO - True
2024-09-14 15:09:07,831 - INFO - True
2024-09-14 15:09:07,857 - INFO - None
2024-09-14 15:09:08,259 - INFO - None
2024-09-14 15:09:08,320 - INFO - None
2024-09-14 15:09:08,387 - INFO - None
2024-09-14 15:09:08,767 - INFO - None
2024-09-14 15:09:09,263 - INFO - None
2024-09-14 15:09:58,577 - INFO - 任务启动
2024-09-14 15:09:59,121 - INFO - None
2024-09-14 15:09:59,213 - INFO - 存在需要更新
2024-09-14 15:09:59,236 - INFO - True
2024-09-14 15:09:59,308 - INFO - True
2024-09-14 15:09:59,665 - INFO - None
2024-09-14 15:09:59,764 - INFO - 存在需要更新
2024-09-14 15:09:59,788 - INFO - None
2024-09-14 15:10:00,292 - INFO - None
2024-09-14 15:10:01,218 - INFO - None
2024-09-14 15:10:01,312 - INFO - 存在需要更新
2024-09-14 15:10:01,389 - INFO - None
2024-09-14 15:10:01,779 - INFO - None
2024-09-14 15:10:02,494 - INFO - None
2024-09-14 15:10:02,867 - INFO - None
2024-09-14 15:10:02,968 - INFO - 存在需要更新
2024-09-14 15:10:56,518 - INFO - 任务启动
2024-09-14 15:10:57,068 - INFO - True
2024-09-14 15:10:57,079 - INFO - None
2024-09-14 15:10:57,119 - INFO - True
2024-09-14 15:10:57,537 - INFO - 存在需要更新
2024-09-14 15:10:57,582 - INFO - None
2024-09-14 15:10:57,631 - INFO - None
2024-09-14 15:10:57,876 - INFO - 存在需要更新
2024-09-14 15:10:58,049 - INFO - None
2024-09-14 15:10:58,196 - INFO - 存在需要更新
2024-09-14 15:10:59,552 - INFO - None
2024-09-14 15:10:59,654 - INFO - 存在需要更新
2024-09-14 15:11:00,884 - INFO - None
2024-09-14 15:11:00,970 - INFO - 存在需要更新
2024-09-14 15:11:01,211 - INFO - None
2024-09-14 15:11:01,325 - INFO - 存在需要更新
2024-09-14 15:11:01,661 - INFO - None
2024-09-14 15:11:01,773 - INFO - 存在需要更新
2024-09-14 15:11:01,976 - INFO - None
2024-09-14 15:11:02,101 - INFO - 存在需要更新
2024-09-14 15:11:03,329 - INFO - None
2024-09-14 15:11:03,440 - INFO - 存在需要更新
2024-09-14 15:11:03,783 - INFO - None
2024-09-14 15:11:03,967 - INFO - 存在需要更新
2024-09-14 15:11:04,111 - INFO - None
2024-09-14 15:11:04,452 - INFO - None
2024-09-14 15:11:04,459 - INFO - 存在需要更新
2024-09-14 15:11:06,637 - INFO - None
2024-09-14 15:11:06,978 - INFO - None
2024-09-14 15:11:07,015 - INFO - 存在需要更新
2024-09-14 15:11:07,309 - INFO - 存在需要更新
2024-09-14 15:11:07,461 - INFO - None
2024-09-14 15:11:07,583 - INFO - 存在需要更新
2024-09-14 15:11:08,018 - INFO - None
2024-09-14 15:11:08,114 - INFO - 存在需要更新
2024-09-14 15:11:08,312 - INFO - None
2024-09-14 15:11:08,591 - INFO - None
2024-09-14 15:11:08,663 - INFO - 存在需要更新
2024-09-14 15:11:08,912 - INFO - None
2024-09-14 15:11:09,472 - INFO - None
2024-09-14 15:11:09,676 - INFO - None
2024-09-14 15:11:10,115 - INFO - None
2024-09-14 15:11:10,157 - INFO - True
2024-09-14 15:11:10,275 - INFO - 存在需要更新
2024-09-14 15:11:10,440 - INFO - None
2024-09-14 15:11:10,905 - INFO - None
2024-09-14 15:11:11,494 - INFO - None
2024-09-14 15:11:11,558 - INFO - None
2024-09-14 15:11:12,014 - INFO - None
2024-09-14 15:11:13,277 - INFO - None
2024-09-14 15:11:13,366 - INFO - 存在需要更新
2024-09-14 15:11:13,635 - INFO - None
2024-09-14 15:11:13,724 - INFO - 存在需要更新
2024-09-14 15:11:14,307 - INFO - None
2024-09-14 15:11:14,733 - INFO - None
2024-09-14 15:11:15,177 - INFO - None
2024-09-14 15:11:15,778 - INFO - True
2024-09-14 15:11:16,327 - INFO - True
2024-09-14 15:11:16,379 - INFO - None
2024-09-14 15:11:16,492 - INFO - 存在需要更新
2024-09-14 15:11:16,735 - INFO - None
2024-09-14 15:11:16,762 - INFO - None
2024-09-14 15:11:16,856 - INFO - 存在需要更新
2024-09-14 15:11:18,869 - INFO - None
2024-09-14 15:11:18,962 - INFO - None
2024-09-14 15:11:18,971 - INFO - 存在需要更新
2024-09-14 15:11:19,503 - INFO - None
2024-09-14 15:11:20,081 - INFO - None
2024-09-14 15:11:21,081 - INFO - None
2024-09-14 15:11:21,189 - INFO - None
2024-09-14 15:14:26,450 - INFO - 任务启动
2024-09-14 15:14:26,936 - INFO - None
2024-09-14 15:14:27,153 - INFO - True
2024-09-14 15:14:27,248 - INFO - True
2024-09-14 15:14:27,452 - INFO - None
2024-09-14 15:14:27,703 - INFO - None
2024-09-14 15:14:27,776 - INFO - None
2024-09-14 15:14:28,148 - INFO - None
2024-09-14 15:14:28,793 - INFO - None
2024-09-14 15:14:34,883 - INFO - 任务启动
2024-09-14 15:14:35,442 - INFO - None
2024-09-14 15:14:35,467 - INFO - True
2024-09-14 15:14:35,544 - INFO - True
2024-09-14 15:14:35,925 - INFO - None
2024-09-14 15:14:35,969 - INFO - None
2024-09-14 15:14:36,096 - INFO - None
2024-09-14 15:14:36,461 - INFO - None
2024-09-14 15:14:36,987 - INFO - None
2024-09-14 15:18:09,487 - INFO - 任务启动
2024-09-14 15:18:09,932 - INFO - None
2024-09-14 15:18:10,143 - INFO - True
2024-09-14 15:18:10,189 - INFO - True
2024-09-14 15:18:10,415 - INFO - None
2024-09-14 15:18:10,628 - INFO - None
2024-09-14 15:18:10,656 - INFO - None
2024-09-14 15:18:11,335 - INFO - None
2024-09-14 15:18:11,775 - INFO - None
2024-09-14 15:18:32,220 - INFO - 任务启动
2024-09-14 15:18:32,771 - INFO - None
2024-09-14 15:18:32,834 - INFO - True
2024-09-14 15:18:32,934 - INFO - True
2024-09-14 15:18:33,276 - INFO - None
2024-09-14 15:18:33,296 - INFO - None
2024-09-14 15:18:33,392 - INFO - None
2024-09-14 15:18:33,783 - INFO - None
2024-09-14 15:18:34,210 - INFO - None
2024-09-14 15:19:24,083 - INFO - 任务启动
2024-09-14 15:19:34,107 - INFO - 任务启动
2024-09-14 15:19:34,590 - INFO - None
2024-09-14 15:19:57,892 - INFO - 任务启动
2024-09-14 15:19:58,319 - INFO - None
2024-09-14 15:19:58,408 - INFO - 存在需要更新
2024-09-14 15:20:00,419 - INFO - None
2024-09-14 15:20:00,512 - INFO - 存在需要更新
2024-09-14 15:20:01,527 - INFO - None
2024-09-14 15:20:01,633 - INFO - 存在需要更新
2024-09-14 15:20:03,648 - INFO - None
2024-09-14 15:20:03,761 - INFO - 存在需要更新
2024-09-14 15:20:05,775 - INFO - None
2024-09-14 15:20:05,896 - INFO - 存在需要更新
2024-09-14 15:20:08,908 - INFO - None
2024-09-18 09:22:41,213 - INFO - 任务启动
2024-09-18 09:23:33,124 - INFO - 任务启动
2024-09-18 09:23:33,739 - INFO - None
2024-09-18 09:23:34,354 - INFO - 达人名字：鬼才电影 decs： @鬼才电影(O3x5bhpnp9kacggk) 的精彩视频 视频ID：3xg7yduvrhtgg3k
2024-09-18 09:23:36,367 - INFO - None
2024-09-18 09:23:36,956 - INFO - 达人名字：鬼才电影 decs： @鬼才电影(O3x5bhpnp9kacggk) 的精彩视频 视频ID：3x9hzx45m89m5x9
2024-09-18 09:23:39,964 - INFO - None
2024-09-18 09:23:40,063 - INFO - 达人名字：鬼才电影 decs： @鬼才电影(O3x5bhpnp9kacggk) 的精彩视频 视频ID：3xt2xjzyrm7wczi
2024-09-18 09:23:41,073 - INFO - None
2024-09-18 09:23:41,203 - INFO - 达人名字：鬼才电影 decs： @鬼才电影(O3x5bhpnp9kacggk) 的精彩视频 视频ID：3x92spkj6wban2i
2024-09-18 09:23:43,204 - INFO - None
2024-09-18 09:26:35,212 - INFO - 任务启动
2024-09-18 09:28:17,460 - INFO - 任务启动
2024-09-18 09:28:35,471 - INFO - 任务启动
2024-09-18 09:28:50,308 - INFO - 任务启动
2024-09-18 09:29:27,617 - INFO - 任务启动
2024-09-18 09:30:38,693 - INFO - 任务启动
2024-09-18 09:35:51,187 - INFO - 任务启动
2024-09-18 09:37:10,815 - INFO - 任务启动
2024-09-18 09:37:19,222 - INFO - 任务启动
2024-09-18 09:37:29,207 - INFO - 任务启动
2024-09-18 10:21:24,490 - INFO - 任务启动
2024-09-18 10:22:16,179 - INFO - 任务启动
2024-09-18 10:22:16,771 - INFO - None
2024-09-18 10:22:16,897 - INFO - 存在需要更新
2024-09-18 10:22:18,901 - INFO - None
2024-09-18 10:22:18,996 - INFO - 存在需要更新
2024-09-18 10:22:20,006 - INFO - None
2024-09-18 10:22:20,086 - INFO - 存在需要更新
